0 info it worked if it ends with ok
1 verbose cli [
1 verbose cli   'C:\\Program Files (x86)\\Nodist\\v-x64\\12.16.1\\node.exe',
1 verbose cli   'C:\\Program Files (x86)\\Nodist\\npmv\\4.0.5\\bin\\npm-cli.js',
1 verbose cli   'run',
1 verbose cli   'deploy:firebase'
1 verbose cli ]
2 info using npm@4.0.5
3 info using node@v12.16.1
4 verbose run-script [ 'predeploy:firebase', 'deploy:firebase', 'postdeploy:firebase' ]
5 info lifecycle umbraco-jam@1.0.0~predeploy:firebase: umbraco-jam@1.0.0
6 warn lifecycle The node binary used for scripts is C:\Program Files (x86)\Nodist\bin\node.exe but npm is using C:\Program Files (x86)\Nodist\v-x64\12.16.1\node.exe itself. Use the `--scripts-prepend-node-path` option to include the path for the node binary npm was executed with.
7 silly lifecycle umbraco-jam@1.0.0~predeploy:firebase: no script for predeploy:firebase, continuing
8 info lifecycle umbraco-jam@1.0.0~deploy:firebase: umbraco-jam@1.0.0
9 verbose lifecycle umbraco-jam@1.0.0~deploy:firebase: unsafe-perm in lifecycle true
10 verbose lifecycle umbraco-jam@1.0.0~deploy:firebase: PATH: C:\Program Files (x86)\Nodist\npmv\4.0.5\bin\node-gyp-bin;C:\Repository\umbraco-jam\frontend\node_modules\.bin;C:\Windows\system32;C:\Windows;C:\Windows\System32\Wbem;C:\Windows\System32\WindowsPowerShell\v1.0\;C:\Windows\System32\OpenSSH\;C:\Program Files (x86)\NVIDIA Corporation\PhysX\Common;C:\Program Files\NVIDIA Corporation\NVIDIA NvDLISR;C:\Program Files (x86)\Nodist\bin;C:\Program Files\Git\cmd;C:\Program Files (x86)\GitExtensions\;C:\Program Files\dotnet\;C:\Program Files\Microsoft SQL Server\130\Tools\Binn\;C:\Program Files\Microsoft SQL Server\Client SDK\ODBC\170\Tools\Binn\;C:\Program Files (x86)\Yarn\bin\;C:\Users\Johnny\AppData\Local\Microsoft\WindowsApps;;C:\Program Files\JetBrains\JetBrains Rider 2020.2.4\bin;;C:\Users\Johnny\AppData\Local\Programs\Microsoft VS Code\bin;C:\Users\Johnny\AppData\Local\Yarn\bin
11 verbose lifecycle umbraco-jam@1.0.0~deploy:firebase: CWD: C:\Repository\umbraco-jam\frontend
12 silly lifecycle umbraco-jam@1.0.0~deploy:firebase: Args: [ '/d /s /c', 'firebase deploy --only hosting:mccode,functions' ]
13 silly lifecycle umbraco-jam@1.0.0~deploy:firebase: Returned: code: 1  signal: null
14 info lifecycle umbraco-jam@1.0.0~deploy:firebase: Failed to exec deploy:firebase script
15 verbose stack Error: umbraco-jam@1.0.0 deploy:firebase: `firebase deploy --only hosting:mccode,functions`
15 verbose stack Exit status 1
15 verbose stack     at EventEmitter.<anonymous> (C:\Program Files (x86)\Nodist\npmv\4.0.5\lib\utils\lifecycle.js:279:16)
15 verbose stack     at EventEmitter.emit (events.js:311:20)
15 verbose stack     at ChildProcess.<anonymous> (C:\Program Files (x86)\Nodist\npmv\4.0.5\lib\utils\spawn.js:40:14)
15 verbose stack     at ChildProcess.emit (events.js:311:20)
15 verbose stack     at maybeClose (internal/child_process.js:1021:16)
15 verbose stack     at Process.ChildProcess._handle.onexit (internal/child_process.js:286:5)
16 verbose pkgid umbraco-jam@1.0.0
17 verbose cwd C:\Repository\umbraco-jam\frontend
18 error Windows_NT 10.0.18363
19 error argv "C:\\Program Files (x86)\\Nodist\\v-x64\\12.16.1\\node.exe" "C:\\Program Files (x86)\\Nodist\\npmv\\4.0.5\\bin\\npm-cli.js" "run" "deploy:firebase"
20 error node v12.16.1
21 error npm  v4.0.5
22 error code ELIFECYCLE
23 error umbraco-jam@1.0.0 deploy:firebase: `firebase deploy --only hosting:mccode,functions`
23 error Exit status 1
24 error Failed at the umbraco-jam@1.0.0 deploy:firebase script 'firebase deploy --only hosting:mccode,functions'.
24 error Make sure you have the latest version of node.js and npm installed.
24 error If you do, this is most likely a problem with the umbraco-jam package,
24 error not with npm itself.
24 error Tell the author that this fails on your system:
24 error     firebase deploy --only hosting:mccode,functions
24 error You can get information on how to open an issue for this project with:
24 error     npm bugs umbraco-jam
24 error Or if that isn't available, you can get their info via:
24 error     npm owner ls umbraco-jam
24 error There is likely additional logging output above.
25 verbose exit [ 1, true ]
